Performing C++ SOURCE FILE Test CMAKE_HAVE_LIBC_PTHREAD failed with the following output:
Change Dir: /home/mrhedghog/CLionProjects/S&DPA_courseProject/build-HospitalMain-D-Debug/CMakeFiles/CMakeTmp

Run Build Command(s):/usr/bin/make -f Makefile cmTC_eee0d/fast && /usr/bin/make  -f CMakeFiles/cmTC_eee0d.dir/build.make CMakeFiles/cmTC_eee0d.dir/build
make[1]: Entering directory '/home/mrhedghog/CLionProjects/S&DPA_courseProject/build-HospitalMain-D-Debug/CMakeFiles/CMakeTmp'
Building CXX object CMakeFiles/cmTC_eee0d.dir/src.cxx.o
/usr/bin/g++ -DCMAKE_HAVE_LIBC_PTHREAD   -o CMakeFiles/cmTC_eee0d.dir/src.cxx.o -c "/home/mrhedghog/CLionProjects/S&DPA_courseProject/build-HospitalMain-D-Debug/CMakeFiles/CMakeTmp/src.cxx"
Linking CXX executable cmTC_eee0d
/usr/bin/cmake -E cmake_link_script CMakeFiles/cmTC_eee0d.dir/link.txt --verbose=1
/usr/bin/g++ CMakeFiles/cmTC_eee0d.dir/src.cxx.o -o cmTC_eee0d 
/usr/bin/ld: CMakeFiles/cmTC_eee0d.dir/src.cxx.o: in function `main':
src.cxx:(.text+0x3e): undefined reference to `pthread_create'
/usr/bin/ld: src.cxx:(.text+0x4a): undefined reference to `pthread_detach'
/usr/bin/ld: src.cxx:(.text+0x56): undefined reference to `pthread_cancel'
/usr/bin/ld: src.cxx:(.text+0x67): undefined reference to `pthread_join'
collect2: error: ld returned 1 exit status
make[1]: *** [CMakeFiles/cmTC_eee0d.dir/build.make:99: cmTC_eee0d] Error 1
make[1]: Leaving directory '/home/mrhedghog/CLionProjects/S&DPA_courseProject/build-HospitalMain-D-Debug/CMakeFiles/CMakeTmp'
make: *** [Makefile:127: cmTC_eee0d/fast] Error 2


Source file was:
#include <pthread.h>

static void* test_func(void* data)
{
  return data;
}

int main(void)
{
  pthread_t thread;
  pthread_create(&thread, NULL, test_func, NULL);
  pthread_detach(thread);
  pthread_cancel(thread);
  pthread_join(thread, NULL);
  pthread_atfork(NULL, NULL, NULL);
  pthread_exit(NULL);

  return 0;
}

